<?xml version="1.0" encoding="UTF-8"?>
<!-- Generated by org.testng.reporters.JUnitXMLReporter -->
<testsuite ignored="0" hostname="MSI" failures="0" tests="5" name="Default test" time="0.048" errors="0" timestamp="2022-12-27T16:08:10 CST">
  <testcase classname="testng.Groups" name="tc01" time="0.007"/>
  <testcase classname="testng.Groups" name="tc02" time="0.001"/>
  <testcase classname="testng.Groups" name="tc03" time="0.001"/>
  <testcase classname="testng.Groups" name="tc04" time="0.001"/>
  <testcase classname="testng.Groups" name="tc05" time="0.001"/>
</testsuite> <!-- Default test -->
