<?xml version="1.0" encoding="UTF-8"?>
<!-- Generated by org.testng.reporters.JUnitXMLReporter -->
<testsuite ignored="5" hostname="SeenaReddy" failures="0" tests="5" name="Test" time="0.094" errors="0" timestamp="2022-12-26T17:03:44 CST">
  <testcase classname="testng.GruopsSample1" name="tc03" time="0.015"/>
  <testcase classname="testng.GruopsSample1" name="tc04" time="0.002"/>
  <testcase classname="testng.GruopsSample2" name="tc01" time="0.001"/>
  <testcase classname="testng.GruopsSample2" name="tc04" time="0.002"/>
  <testcase classname="testng.GruopsSample2" name="tc05" time="0.001"/>
  <testcase classname="testng.GruopsSample1" name="tc01" time="0.0">
    <ignored/>
  </testcase> <!-- tc01 -->
  <testcase classname="testng.GruopsSample1" name="tc02" time="0.0">
    <ignored/>
  </testcase> <!-- tc02 -->
  <testcase classname="testng.GruopsSample1" name="tc05" time="0.0">
    <ignored/>
  </testcase> <!-- tc05 -->
  <testcase classname="testng.GruopsSample2" name="tc02" time="0.0">
    <ignored/>
  </testcase> <!-- tc02 -->
  <testcase classname="testng.GruopsSample2" name="tc03" time="0.0">
    <ignored/>
  </testcase> <!-- tc03 -->
</testsuite> <!-- Test -->
