<?xml version="1.0" encoding="UTF-8"?>
<!-- Generated by org.testng.reporters.JUnitXMLReporter -->
<testsuite ignored="0" hostname="MSI" failures="0" tests="10" name="MyTestResults" time="65.398" errors="0" timestamp="2022-12-27T15:51:07 CST">
  <testcase classname="testng.FBLogin" name="f" time="2.565"/>
  <testcase classname="testng.JriTesting" name="TC_001" time="7.64"/>
  <testcase classname="testng.JriTesting" name="TC_002" time="1.944"/>
  <testcase classname="testng.JriTesting" name="TC_003" time="3.063"/>
  <testcase classname="testng.JriTesting" name="TC_004" time="3.092"/>
  <testcase classname="testng.JriTesting" name="TC_005" time="3.103"/>
  <testcase classname="testng.JriTesting" name="TC_006" time="3.084"/>
  <testcase classname="testng.JriTesting" name="TC_007" time="12.109"/>
  <testcase classname="testng.JriTesting" name="TC_008" time="6.05"/>
  <testcase classname="testng.JriTesting" name="TC_009" time="22.708"/>
</testsuite> <!-- MyTestResults -->
