<?xml version="1.0" encoding="UTF-8"?>
<!-- Generated by org.testng.reporters.JUnitXMLReporter -->
<testsuite ignored="0" hostname="SeenaReddy" failures="0" tests="5" name="Default test" time="0.099" errors="0" timestamp="2022-12-26T16:51:12 CST">
  <testcase classname="testng.GruopsSample1" name="tc01" time="0.014"/>
  <testcase classname="testng.GruopsSample1" name="tc02" time="0.001"/>
  <testcase classname="testng.GruopsSample1" name="tc03" time="0.004"/>
  <testcase classname="testng.GruopsSample1" name="tc04" time="0.002"/>
  <testcase classname="testng.GruopsSample1" name="tc05" time="0.002"/>
</testsuite> <!-- Default test -->
