<?xml version="1.0" encoding="UTF-8"?>
<testng-results ignored="5" total="10" passed="5" failed="0" skipped="0">
  <reporter-output>
  </reporter-output>
  <suite started-at="2022-12-26T17:03:44 CST" name="GroupsSuite" finished-at="2022-12-26T17:03:44 CST" duration-ms="94">
    <groups>
      <group name="sanity">
        <method signature="GruopsSample1.tc04()[pri:0, instance:testng.GruopsSample1@49049a04]" name="tc04" class="testng.GruopsSample1"/>
        <method signature="GruopsSample2.tc01()[pri:0, instance:testng.GruopsSample2@2d710f1a]" name="tc01" class="testng.GruopsSample2"/>
      </group> <!-- sanity -->
      <group name="retesting">
        <method signature="GruopsSample1.tc03()[pri:0, instance:testng.GruopsSample1@49049a04]" name="tc03" class="testng.GruopsSample1"/>
        <method signature="GruopsSample2.tc04()[pri:0, instance:testng.GruopsSample2@2d710f1a]" name="tc04" class="testng.GruopsSample2"/>
        <method signature="GruopsSample2.tc05()[pri:0, instance:testng.GruopsSample2@2d710f1a]" name="tc05" class="testng.GruopsSample2"/>
      </group> <!-- retesting -->
    </groups>
    <test started-at="2022-12-26T17:03:44 CST" name="Test" finished-at="2022-12-26T17:03:44 CST" duration-ms="94">
      <class name="testng.GruopsSample2">
        <test-method signature="tc01()[pri:0, instance:testng.GruopsSample2@2d710f1a]" started-at="2022-12-26T17:03:44 CST" name="tc01" finished-at="2022-12-26T17:03:44 CST" duration-ms="1" status="PASS">
          <reporter-output>
          </reporter-output>
        </test-method> <!-- tc01 -->
        <test-method signature="tc04()[pri:0, instance:testng.GruopsSample2@2d710f1a]" started-at="2022-12-26T17:03:44 CST" name="tc04" finished-at="2022-12-26T17:03:44 CST" duration-ms="2" status="PASS">
          <reporter-output>
          </reporter-output>
        </test-method> <!-- tc04 -->
        <test-method signature="tc05()[pri:0, instance:testng.GruopsSample2@2d710f1a]" started-at="2022-12-26T17:03:44 CST" name="tc05" finished-at="2022-12-26T17:03:44 CST" duration-ms="1" status="PASS">
          <reporter-output>
          </reporter-output>
        </test-method> <!-- tc05 -->
      </class> <!-- testng.GruopsSample2 -->
      <class name="testng.GruopsSample1">
        <test-method signature="tc03()[pri:0, instance:testng.GruopsSample1@49049a04]" started-at="2022-12-26T17:03:44 CST" name="tc03" finished-at="2022-12-26T17:03:44 CST" duration-ms="15" status="PASS">
          <reporter-output>
          </reporter-output>
        </test-method> <!-- tc03 -->
        <test-method signature="tc04()[pri:0, instance:testng.GruopsSample1@49049a04]" started-at="2022-12-26T17:03:44 CST" name="tc04" finished-at="2022-12-26T17:03:44 CST" duration-ms="2" status="PASS">
          <reporter-output>
          </reporter-output>
        </test-method> <!-- tc04 -->
      </class> <!-- testng.GruopsSample1 -->
    </test> <!-- Test -->
  </suite> <!-- GroupsSuite -->
</testng-results>
