<?xml version="1.0" encoding="UTF-8"?>
<!-- Generated by org.testng.reporters.JUnitXMLReporter -->
<testsuite ignored="0" hostname="SeenaReddy" failures="0" tests="5" name="MyTestResults" time="42.317" errors="0" timestamp="2022-12-26T16:46:52 CST">
  <testcase classname="testng.Alert" name="f" time="15.866"/>
  <testcase classname="testng.CloseVsQuit" name="f" time="9.552"/>
  <testcase classname="testng.TS_001_CreateNewAccount" name="tc_001" time="7.543"/>
  <testcase classname="testng.TS_001_CreateNewAccount" name="tc_002" time="6.148"/>
  <testcase classname="testng.TS_001_CreateNewAccount" name="tc_003" time="3.137"/>
</testsuite> <!-- MyTestResults -->
